<?xml version="1.0" encoding="UTF-8"?>
<!-- Generated by org.testng.reporters.JUnitReportReporter -->
<testsuite hostname="DESKTOP-O4CD7HI" failures="0" tests="4" name="org.automation.testcases.Loginsenario" time="9.649" errors="0" timestamp="2024-11-06T15:36:10 PST" skipped="0">
  <testcase classname="org.automation.testcases.Loginsenario" name="tc01_validate_validcredntl_loginfunc" time="2.485"/>
  <system-out/>
  <testcase classname="org.automation.testcases.Loginsenario" name="tc01_validate_validcredntl_loginfunc" time="2.627"/>
  <system-out/>
  <testcase classname="org.automation.testcases.Loginsenario" name="tc01_validate_validcredntl_loginfunc" time="2.196"/>
  <system-out/>
  <testcase classname="org.automation.testcases.Loginsenario" name="tc01_validate_validcredntl_loginfunc" time="2.341"/>
  <system-out/>
</testsuite> <!-- org.automation.testcases.Loginsenario -->
