<?xml version="1.0" encoding="UTF-8"?>
<!-- Generated by org.testng.reporters.JUnitReportReporter -->
<testsuite hostname="DESKTOP-O4CD7HI" failures="0" tests="1" name="org.automation.testcases.Signupsenario" time="4.099" errors="0" timestamp="2024-10-28T17:38:26 PDT" skipped="0">
  <testcase classname="org.automation.testcases.Signupsenario" name="tc02_signup_registration_validation" time="4.099"/>
  <system-out/>
</testsuite> <!-- org.automation.testcases.Signupsenario -->
