<?xml version="1.0" encoding="UTF-8"?>
<!-- Generated by org.testng.reporters.JUnitReportReporter -->
<testsuite hostname="DESKTOP-O4CD7HI" failures="0" tests="4" name="testngdemo.DemoTestNG9" time="0.000" errors="0" timestamp="2024-10-22T17:37:38 PDT" skipped="0">
  <testcase classname="testngdemo.DemoTestNG9" name="printdata1" time="0.000"/>
  <system-out/>
  <testcase classname="testngdemo.DemoTestNG9" name="printdata3" time="0.000"/>
  <system-out/>
  <testcase classname="testngdemo.DemoTestNG9" name="printdata" time="0.000"/>
  <system-out/>
  <testcase classname="testngdemo.DemoTestNG9" name="printdata2" time="0.000"/>
  <system-out/>
</testsuite> <!-- testngdemo.DemoTestNG9 -->
