<?xml version="1.0" encoding="UTF-8"?>
<!-- Generated by org.testng.reporters.JUnitReportReporter -->
<testsuite hostname="DESKTOP-O4CD7HI" failures="0" tests="4" name="sakkujava2.DemoTestNG2" time="0.003" errors="0" timestamp="2024-10-22T17:37:38 PDT" skipped="0">
  <testcase classname="sakkujava2.DemoTestNG2" name="printdata3" time="0.001"/>
  <system-out/>
  <testcase classname="sakkujava2.DemoTestNG2" name="printdata1" time="0.000"/>
  <system-out/>
  <testcase classname="sakkujava2.DemoTestNG2" name="printdata2" time="0.001"/>
  <system-out/>
  <testcase classname="sakkujava2.DemoTestNG2" name="printdata" time="0.001"/>
  <system-out/>
</testsuite> <!-- sakkujava2.DemoTestNG2 -->
