<?xml version="1.0" encoding="UTF-8"?>
<!-- Generated by org.testng.reporters.JUnitReportReporter -->
<testsuite hostname="DESKTOP-O4CD7HI" failures="0" tests="4" name="org.abc.tt.Browserhandler" time="5.531" errors="0" timestamp="2024-10-22T17:37:38 PDT" skipped="3">
  <testcase classname="org.abc.tt.Browserhandler" name="calender" time="5.531"/>
  <system-out/>
  <testcase classname="org.abc.tt.Browserhandler" name="browser">
    <skipped/>
  </testcase> <!-- browser -->
  <system-out/>
  <testcase classname="org.abc.tt.Browserhandler" name="logindata">
    <skipped/>
  </testcase> <!-- logindata -->
  <system-out/>
  <testcase classname="org.abc.tt.Browserhandler" name="diffbuttons">
    <skipped/>
  </testcase> <!-- diffbuttons -->
  <system-out/>
</testsuite> <!-- org.abc.tt.Browserhandler -->
